TN:
SF:/Users/davide.gheri/Code/others/blog-gatsby/src/global.d.ts
FNF:0
FNH:0
LF:0
LH:0
BRF:0
BRH:0
end_of_record
TN:
SF:/Users/davide.gheri/Code/others/blog-gatsby/src/components/Footer/index.tsx
FNF:0
FNH:0
DA:2,2
DA:4,2
DA:19,2
LF:3
LH:3
BRF:0
BRH:0
end_of_record
TN:
SF:/Users/davide.gheri/Code/others/blog-gatsby/src/components/Header/HeaderSections.tsx
FNF:0
FNH:0
DA:1,2
DA:3,2
DA:8,2
DA:15,2
LF:4
LH:4
BRF:0
BRH:0
end_of_record
TN:
SF:/Users/davide.gheri/Code/others/blog-gatsby/src/components/Header/Navbar.tsx
FN:18,(anonymous_1)
FNF:1
FNH:1
FNDA:6,(anonymous_1)
DA:1,2
DA:3,2
DA:18,6
LF:3
LH:3
BRDA:18,0,0,4
BRDA:18,0,1,2
BRF:2
BRH:2
end_of_record
TN:
SF:/Users/davide.gheri/Code/others/blog-gatsby/src/components/Header/index.tsx
FN:29,(anonymous_2)
FN:34,(anonymous_3)
FN:46,(anonymous_4)
FN:51,(anonymous_5)
FN:55,(anonymous_6)
FNF:5
FNH:5
FNDA:4,(anonymous_2)
FNDA:2,(anonymous_3)
FNDA:4,(anonymous_4)
FNDA:4,(anonymous_5)
FNDA:6,(anonymous_6)
DA:1,2
DA:2,2
DA:3,2
DA:4,2
DA:5,2
DA:6,2
DA:8,2
DA:22,2
DA:25,4
DA:30,4
DA:31,4
DA:34,4
DA:35,2
DA:36,2
DA:37,2
DA:38,2
DA:39,2
DA:40,1
DA:42,1
DA:47,4
DA:48,4
DA:52,4
DA:56,6
DA:57,6
DA:58,6
LF:25
LH:25
BRDA:36,0,0,0
BRDA:36,0,1,2
BRDA:37,1,0,2
BRDA:37,1,1,0
BRDA:39,2,0,1
BRDA:39,2,1,1
BRF:6
BRH:4
end_of_record
TN:
SF:/Users/davide.gheri/Code/others/blog-gatsby/src/components/Home/About.tsx
FN:25,(anonymous_1)
FN:35,(anonymous_2)
FNF:2
FNH:0
FNDA:0,(anonymous_1)
FNDA:0,(anonymous_2)
DA:1,0
DA:2,0
DA:3,0
DA:4,0
DA:5,0
DA:7,0
DA:13,0
DA:25,0
DA:26,0
DA:36,0
LF:10
LH:0
BRF:0
BRH:0
end_of_record
TN:
SF:/Users/davide.gheri/Code/others/blog-gatsby/src/components/Home/Contacts.tsx
FN:39,(anonymous_1)
FN:56,(anonymous_2)
FNF:2
FNH:0
FNDA:0,(anonymous_1)
FNDA:0,(anonymous_2)
DA:1,0
DA:2,0
DA:3,0
DA:4,0
DA:5,0
DA:8,0
DA:15,0
DA:20,0
DA:25,0
DA:30,0
DA:35,0
DA:39,0
DA:40,0
DA:57,0
LF:14
LH:0
BRDA:59,0,0,0
BRDA:59,0,1,0
BRDA:62,1,0,0
BRDA:62,1,1,0
BRDA:67,2,0,0
BRDA:67,2,1,0
BRF:6
BRH:0
end_of_record
TN:
SF:/Users/davide.gheri/Code/others/blog-gatsby/src/components/Home/FullScreenContent.tsx
FN:21,(anonymous_1)
FNF:1
FNH:0
FNDA:0,(anonymous_1)
DA:1,0
DA:2,0
DA:4,0
DA:10,0
DA:21,0
DA:22,0
LF:6
LH:0
BRF:0
BRH:0
end_of_record
TN:
SF:/Users/davide.gheri/Code/others/blog-gatsby/src/components/Home/index.tsx
FNF:0
FNH:0
DA:2,0
DA:3,0
DA:4,0
DA:5,0
LF:4
LH:0
BRF:0
BRH:0
end_of_record
TN:
SF:/Users/davide.gheri/Code/others/blog-gatsby/src/components/Home/Portfolio/Item.tsx
FN:48,(anonymous_1)
FNF:1
FNH:0
FNDA:0,(anonymous_1)
DA:1,0
DA:2,0
DA:3,0
DA:4,0
DA:6,0
DA:24,0
DA:28,0
DA:34,0
DA:40,0
DA:48,0
DA:49,0
DA:50,0
DA:63,0
LF:13
LH:0
BRF:0
BRH:0
end_of_record
TN:
SF:/Users/davide.gheri/Code/others/blog-gatsby/src/components/Home/Portfolio/index.tsx
FN:30,resizeGridItem
FN:40,(anonymous_3)
FN:43,(anonymous_4)
FN:44,(anonymous_5)
FN:45,(anonymous_6)
FN:51,(anonymous_7)
FN:56,(anonymous_8)
FN:60,(anonymous_9)
FN:90,(anonymous_10)
FN:92,(anonymous_11)
FN:93,(anonymous_12)
FNF:11
FNH:0
FNDA:0,resizeGridItem
FNDA:0,(anonymous_3)
FNDA:0,(anonymous_4)
FNDA:0,(anonymous_5)
FNDA:0,(anonymous_6)
FNDA:0,(anonymous_7)
FNDA:0,(anonymous_8)
FNDA:0,(anonymous_9)
FNDA:0,(anonymous_10)
FNDA:0,(anonymous_11)
FNDA:0,(anonymous_12)
DA:1,0
DA:2,0
DA:3,0
DA:4,0
DA:5,0
DA:6,0
DA:9,0
DA:19,0
DA:31,0
DA:32,0
DA:33,0
DA:34,0
DA:35,0
DA:37,0
DA:40,0
DA:43,0
DA:44,0
DA:45,0
DA:46,0
DA:52,0
DA:53,0
DA:57,0
DA:61,0
DA:91,0
DA:92,0
DA:94,0
LF:26
LH:0
BRDA:34,0,0,0
BRDA:34,0,1,0
BRF:2
BRH:0
end_of_record
TN:
SF:/Users/davide.gheri/Code/others/blog-gatsby/src/components/Layout/index.tsx
FN:20,(anonymous_1)
FN:34,(anonymous_2)
FN:53,(anonymous_3)
FNF:3
FNH:1
FNDA:1,(anonymous_1)
FNDA:0,(anonymous_2)
FNDA:0,(anonymous_3)
DA:1,1
DA:2,1
DA:3,1
DA:4,1
DA:5,1
DA:6,1
DA:20,1
DA:21,1
DA:34,1
DA:35,0
DA:54,0
DA:59,1
LF:12
LH:10
BRDA:20,0,0,1
BRDA:20,1,0,1
BRDA:20,2,0,1
BRDA:26,3,0,1
BRDA:26,3,1,1
BRDA:30,4,0,1
BRDA:30,4,1,1
BRF:7
BRH:7
end_of_record
TN:
SF:/Users/davide.gheri/Code/others/blog-gatsby/src/components/Styled/Content.tsx
FNF:0
FNH:0
DA:1,0
DA:3,0
LF:2
LH:0
BRF:0
BRH:0
end_of_record
TN:
SF:/Users/davide.gheri/Code/others/blog-gatsby/src/components/Styled/Section.tsx
FN:9,(anonymous_1)
FNF:1
FNH:0
FNDA:0,(anonymous_1)
DA:2,0
DA:4,0
DA:9,0
LF:3
LH:0
BRDA:9,0,0,0
BRDA:9,0,1,0
BRF:2
BRH:0
end_of_record
TN:
SF:/Users/davide.gheri/Code/others/blog-gatsby/src/components/Styled/SectionPadding.tsx
FNF:0
FNH:0
DA:2,0
DA:4,0
LF:2
LH:0
BRF:0
BRH:0
end_of_record
TN:
SF:/Users/davide.gheri/Code/others/blog-gatsby/src/components/Styled/SectionTitle.tsx
FN:7,(anonymous_1)
FN:16,(anonymous_2)
FN:26,(anonymous_3)
FNF:3
FNH:0
FNDA:0,(anonymous_1)
FNDA:0,(anonymous_2)
FNDA:0,(anonymous_3)
DA:1,0
DA:2,0
DA:4,0
DA:7,0
DA:10,0
DA:16,0
DA:26,0
DA:27,0
LF:8
LH:0
BRDA:7,0,0,0
BRDA:7,0,1,0
BRDA:16,1,0,0
BRDA:16,1,1,0
BRDA:26,2,0,0
BRDA:26,3,0,0
BRF:6
BRH:0
end_of_record
TN:
SF:/Users/davide.gheri/Code/others/blog-gatsby/src/components/Styled/Sections.tsx
FNF:0
FNH:0
DA:1,0
DA:2,0
DA:3,0
DA:5,0
DA:14,0
DA:24,0
DA:32,0
LF:7
LH:0
BRF:0
BRH:0
end_of_record
TN:
SF:/Users/davide.gheri/Code/others/blog-gatsby/src/components/Styled/index.ts
FNF:0
FNH:0
DA:2,0
DA:3,0
DA:4,0
DA:5,0
DA:6,0
LF:5
LH:0
BRF:0
BRH:0
end_of_record
TN:
SF:/Users/davide.gheri/Code/others/blog-gatsby/src/pages/404.tsx
FN:13,(anonymous_1)
FNF:1
FNH:0
FNDA:0,(anonymous_1)
DA:1,0
DA:2,0
DA:3,0
DA:5,0
DA:13,0
DA:14,0
DA:22,0
LF:7
LH:0
BRF:0
BRH:0
end_of_record
TN:
SF:/Users/davide.gheri/Code/others/blog-gatsby/src/pages/about.tsx
FN:32,(anonymous_1)
FN:48,(anonymous_2)
FN:64,(anonymous_3)
FN:66,(anonymous_4)
FNF:4
FNH:0
FNDA:0,(anonymous_1)
FNDA:0,(anonymous_2)
FNDA:0,(anonymous_3)
FNDA:0,(anonymous_4)
DA:1,0
DA:2,0
DA:3,0
DA:4,0
DA:5,0
DA:6,0
DA:9,0
DA:32,0
DA:33,0
DA:34,0
DA:36,0
DA:37,0
DA:39,0
DA:40,0
DA:42,0
DA:43,0
DA:45,0
DA:48,0
DA:49,0
DA:65,0
DA:67,0
DA:78,0
DA:80,0
LF:23
LH:0
BRDA:33,0,0,0
BRDA:33,0,1,0
BRDA:36,1,0,0
BRDA:36,1,1,0
BRDA:39,2,0,0
BRDA:39,2,1,0
BRDA:42,3,0,0
BRDA:42,3,1,0
BRDA:51,4,0,0
BRDA:51,4,1,0
BRDA:54,5,0,0
BRDA:54,5,1,0
BRDA:62,6,0,0
BRDA:62,6,1,0
BRF:14
BRH:0
end_of_record
TN:
SF:/Users/davide.gheri/Code/others/blog-gatsby/src/pages/index.tsx
FN:9,(anonymous_1)
FNF:1
FNH:0
FNDA:0,(anonymous_1)
DA:1,0
DA:2,0
DA:4,0
DA:5,0
DA:6,0
DA:9,0
DA:10,0
DA:54,0
DA:56,0
LF:9
LH:0
BRDA:13,0,0,0
BRDA:13,0,1,0
BRF:2
BRH:0
end_of_record
TN:
SF:/Users/davide.gheri/Code/others/blog-gatsby/src/templates/portfolio.tsx
FN:12,(anonymous_1)
FNF:1
FNH:0
FNDA:0,(anonymous_1)
DA:1,0
DA:2,0
DA:3,0
DA:4,0
DA:5,0
DA:12,0
DA:13,0
DA:54,0
DA:56,0
LF:9
LH:0
BRDA:15,0,0,0
BRDA:15,0,1,0
BRDA:26,1,0,0
BRDA:26,1,1,0
BRDA:36,2,0,0
BRDA:36,2,1,0
BRDA:44,3,0,0
BRDA:44,3,1,0
BRDA:44,3,2,0
BRF:9
BRH:0
end_of_record
TN:
SF:/Users/davide.gheri/Code/others/blog-gatsby/src/utils/index.ts
FNF:0
FNH:0
DA:2,0
LF:1
LH:0
BRF:0
BRH:0
end_of_record
TN:
SF:/Users/davide.gheri/Code/others/blog-gatsby/src/utils/styled/index.ts
FNF:0
FNH:0
DA:2,0
LF:1
LH:0
BRF:0
BRH:0
end_of_record
TN:
SF:/Users/davide.gheri/Code/others/blog-gatsby/src/utils/styled/media.ts
FN:10,(anonymous_0)
FN:12,(anonymous_1)
FNF:2
FNH:0
FNDA:0,(anonymous_0)
FNDA:0,(anonymous_1)
DA:1,0
DA:3,0
DA:10,0
DA:11,0
DA:12,0
DA:17,0
LF:6
LH:0
BRF:0
BRH:0
end_of_record
